{"D:\\Repos\\finonex-automation-core\\modules\\active-active\\src\\main.ts": {"path":"D:\\Repos\\finonex-automation-core\\modules\\active-active\\src\\main.ts","statementMap":{"0":{"start":{"line":2,"column":0},"end":{"line":2,"column":33}},"1":{"start":{"line":3,"column":0},"end":{"line":3,"column":58}},"2":{"start":{"line":5,"column":19},"end":{"line":5,"column":54}},"3":{"start":{"line":8,"column":17},"end":{"line":12,"column":4}},"4":{"start":{"line":13,"column":2},"end":{"line":18,"column":3}},"5":{"start":{"line":14,"column":34},"end":{"line":14,"column":62}},"6":{"start":{"line":15,"column":4},"end":{"line":15,"column":61}},"7":{"start":{"line":17,"column":4},"end":{"line":17,"column":24}},"8":{"start":{"line":19,"column":2},"end":{"line":53,"column":3}},"9":{"start":{"line":20,"column":34},"end":{"line":20,"column":62}},"10":{"start":{"line":21,"column":22},"end":{"line":21,"column":94}},"11":{"start":{"line":21,"column":54},"end":{"line":21,"column":81}},"12":{"start":{"line":23,"column":27},"end":{"line":47,"column":6}},"13":{"start":{"line":49,"column":44},"end":{"line":49,"column":90}},"14":{"start":{"line":50,"column":4},"end":{"line":50,"column":26}},"15":{"start":{"line":52,"column":4},"end":{"line":52,"column":24}},"16":{"start":{"line":55,"column":0},"end":{"line":55,"column":7}}},"fnMap":{"0":{"name":"main","decl":{"start":{"line":7,"column":15},"end":{"line":7,"column":19}},"loc":{"start":{"line":7,"column":19},"end":{"line":54,"column":null}}},"1":{"name":"(anonymous_9)","decl":{"start":{"line":21,"column":43},"end":{"line":21,"column":44}},"loc":{"start":{"line":21,"column":54},"end":{"line":21,"column":81}}}},"branchMap":{"0":{"loc":{"start":{"line":21,"column":22},"end":{"line":21,"column":94}},"type":"cond-expr","locations":[{"start":{"line":21,"column":88},"end":{"line":21,"column":90}},{"start":{"line":21,"column":88},"end":{"line":21,"column":94}}]},"1":{"loc":{"start":{"line":21,"column":22},"end":{"line":21,"column":90}},"type":"binary-expr","locations":[{"start":{"line":21,"column":22},"end":{"line":21,"column":90}},{"start":{"line":21,"column":88},"end":{"line":21,"column":90}}]}},"s":{"0":0,"1":0,"2":0,"3":0,"4":0,"5":0,"6":0,"7":0,"8":0,"9":0,"10":0,"11":0,"12":0,"13":0,"14":0,"15":0,"16":0},"f":{"0":0,"1":0},"b":{"0":[0,0],"1":[0,0]}}
,"D:\\Repos\\finonex-automation-core\\modules\\active-active\\src\\mt4RestClient.ts": {"path":"D:\\Repos\\finonex-automation-core\\modules\\active-active\\src\\mt4RestClient.ts","statementMap":{"0":{"start":{"line":4,"column":0},"end":{"line":4,"column":50}},"1":{"start":{"line":5,"column":0},"end":{"line":5,"column":40}},"2":{"start":{"line":14,"column":4},"end":{"line":14,"column":25}},"3":{"start":{"line":15,"column":4},"end":{"line":15,"column":33}},"4":{"start":{"line":16,"column":4},"end":{"line":16,"column":25}},"5":{"start":{"line":17,"column":4},"end":{"line":21,"column":7}},"6":{"start":{"line":24,"column":4},"end":{"line":26,"column":7}},"7":{"start":{"line":24,"column":32},"end":{"line":26,"column":6}},"8":{"start":{"line":25,"column":6},"end":{"line":25,"column":37}},"9":{"start":{"line":29,"column":4},"end":{"line":31,"column":7}},"10":{"start":{"line":29,"column":32},"end":{"line":31,"column":6}},"11":{"start":{"line":30,"column":6},"end":{"line":30,"column":42}},"12":{"start":{"line":34,"column":4},"end":{"line":34,"column":52}},"13":{"start":{"line":37,"column":4},"end":{"line":37,"column":63}},"14":{"start":{"line":7,"column":0},"end":{"line":7,"column":13}}},"fnMap":{"0":{"name":"(anonymous_7)","decl":{"start":{"line":13,"column":2},"end":{"line":13,"column":14}},"loc":{"start":{"line":13,"column":64},"end":{"line":22,"column":3}}},"1":{"name":"(anonymous_8)","decl":{"start":{"line":23,"column":15},"end":{"line":23,"column":24}},"loc":{"start":{"line":23,"column":24},"end":{"line":27,"column":null}}},"2":{"name":"(anonymous_10)","decl":{"start":{"line":24,"column":21},"end":{"line":24,"column":30}},"loc":{"start":{"line":24,"column":32},"end":{"line":26,"column":6}}},"3":{"name":"(anonymous_11)","decl":{"start":{"line":24,"column":32},"end":{"line":24,"column":null}},"loc":{"start":{"line":24,"column":32},"end":{"line":26,"column":5}}},"4":{"name":"(anonymous_12)","decl":{"start":{"line":28,"column":15},"end":{"line":28,"column":28}},"loc":{"start":{"line":28,"column":48},"end":{"line":32,"column":null}}},"5":{"name":"(anonymous_14)","decl":{"start":{"line":29,"column":21},"end":{"line":29,"column":30}},"loc":{"start":{"line":29,"column":32},"end":{"line":31,"column":6}}},"6":{"name":"(anonymous_15)","decl":{"start":{"line":29,"column":32},"end":{"line":29,"column":null}},"loc":{"start":{"line":29,"column":32},"end":{"line":31,"column":5}}},"7":{"name":"(anonymous_16)","decl":{"start":{"line":33,"column":16},"end":{"line":33,"column":26}},"loc":{"start":{"line":33,"column":26},"end":{"line":35,"column":null}}},"8":{"name":"(anonymous_18)","decl":{"start":{"line":36,"column":16},"end":{"line":36,"column":30}},"loc":{"start":{"line":36,"column":50},"end":{"line":38,"column":null}}}},"branchMap":{},"s":{"0":0,"1":0,"2":0,"3":0,"4":0,"5":0,"6":0,"7":0,"8":0,"9":0,"10":0,"11":0,"12":0,"13":0,"14":0},"f":{"0":0,"1":0,"2":0,"3":0,"4":0,"5":0,"6":0,"7":0,"8":0},"b":{}}
,"D:\\Repos\\finonex-automation-core\\modules\\active-active\\src\\mt4client.ts": {"path":"D:\\Repos\\finonex-automation-core\\modules\\active-active\\src\\mt4client.ts","statementMap":{"0":{"start":{"line":1,"column":0},"end":{"line":1,"column":50}},"1":{"start":{"line":4,"column":19},"end":{"line":4,"column":54}},"2":{"start":{"line":26,"column":11},"end":{"line":33,"column":null}},"3":{"start":{"line":27,"column":30},"end":{"line":29,"column":null}},"4":{"start":{"line":28,"column":12},"end":{"line":28,"column":101}},"5":{"start":{"line":30,"column":51},"end":{"line":32,"column":null}},"6":{"start":{"line":31,"column":12},"end":{"line":31,"column":123}},"7":{"start":{"line":9,"column":7},"end":{"line":9,"column":39}},"8":{"start":{"line":10,"column":7},"end":{"line":10,"column":57}},"9":{"start":{"line":11,"column":7},"end":{"line":11,"column":null}},"10":{"start":{"line":12,"column":7},"end":{"line":12,"column":34}},"11":{"start":{"line":15,"column":43},"end":{"line":19,"column":null}},"12":{"start":{"line":21,"column":8},"end":{"line":21,"column":89}},"13":{"start":{"line":23,"column":24},"end":{"line":23,"column":54}},"14":{"start":{"line":24,"column":8},"end":{"line":24,"column":28}},"15":{"start":{"line":6,"column":0},"end":{"line":6,"column":21}}},"fnMap":{"0":{"name":"(anonymous_7)","decl":{"start":{"line":8,"column":4},"end":{"line":8,"column":16}},"loc":{"start":{"line":8,"column":65},"end":{"line":13,"column":5}}},"1":{"name":"(anonymous_8)","decl":{"start":{"line":27,"column":19},"end":{"line":27,"column":28}},"loc":{"start":{"line":27,"column":30},"end":{"line":29,"column":null}}},"2":{"name":"(anonymous_9)","decl":{"start":{"line":27,"column":30},"end":{"line":27,"column":null}},"loc":{"start":{"line":27,"column":30},"end":{"line":29,"column":9}}},"3":{"name":"(anonymous_10)","decl":{"start":{"line":30,"column":23},"end":{"line":30,"column":30}},"loc":{"start":{"line":30,"column":51},"end":{"line":32,"column":null}}},"4":{"name":"(anonymous_11)","decl":{"start":{"line":30,"column":51},"end":{"line":30,"column":null}},"loc":{"start":{"line":30,"column":51},"end":{"line":32,"column":9}}},"5":{"name":"(anonymous_12)","decl":{"start":{"line":14,"column":18},"end":{"line":14,"column":25}},"loc":{"start":{"line":14,"column":126},"end":{"line":25,"column":null}}}},"branchMap":{"0":{"loc":{"start":{"line":14,"column":37},"end":{"line":14,"column":51}},"type":"default-arg","locations":[{"start":{"line":14,"column":46},"end":{"line":14,"column":51}}]},"1":{"loc":{"start":{"line":21,"column":47},"end":{"line":21,"column":87}},"type":"cond-expr","locations":[{"start":{"line":21,"column":54},"end":{"line":21,"column":82}},{"start":{"line":21,"column":85},"end":{"line":21,"column":87}}]}},"s":{"0":0,"1":0,"2":0,"3":0,"4":0,"5":0,"6":0,"7":0,"8":0,"9":0,"10":0,"11":0,"12":0,"13":0,"14":0,"15":0},"f":{"0":0,"1":0,"2":0,"3":0,"4":0,"5":0},"b":{"0":[0],"1":[0,0]}}
,"D:\\Repos\\finonex-automation-core\\modules\\active-active\\src\\payloads\\account.ts": {"path":"D:\\Repos\\finonex-automation-core\\modules\\active-active\\src\\payloads\\account.ts","statementMap":{"0":{"start":{"line":129,"column":30},"end":{"line":161,"column":4}},"1":{"start":{"line":162,"column":2},"end":{"line":162,"column":17}},"2":{"start":{"line":68,"column":0},"end":{"line":68,"column":16}}},"fnMap":{"0":{"name":"createAccountPayload","decl":{"start":{"line":68,"column":16},"end":{"line":68,"column":36}},"loc":{"start":{"line":128,"column":1},"end":{"line":163,"column":1}}}},"branchMap":{"0":{"loc":{"start":{"line":69,"column":2},"end":{"line":69,"column":11}},"type":"default-arg","locations":[{"start":{"line":69,"column":10},"end":{"line":69,"column":11}}]},"1":{"loc":{"start":{"line":70,"column":2},"end":{"line":70,"column":24}},"type":"default-arg","locations":[{"start":{"line":70,"column":10},"end":{"line":70,"column":24}}]},"2":{"loc":{"start":{"line":71,"column":2},"end":{"line":71,"column":30}},"type":"default-arg","locations":[{"start":{"line":71,"column":13},"end":{"line":71,"column":30}}]},"3":{"loc":{"start":{"line":72,"column":2},"end":{"line":72,"column":16}},"type":"default-arg","locations":[{"start":{"line":72,"column":11},"end":{"line":72,"column":16}}]},"4":{"loc":{"start":{"line":73,"column":2},"end":{"line":73,"column":30}},"type":"default-arg","locations":[{"start":{"line":73,"column":25},"end":{"line":73,"column":30}}]},"5":{"loc":{"start":{"line":74,"column":2},"end":{"line":74,"column":24}},"type":"default-arg","locations":[{"start":{"line":74,"column":19},"end":{"line":74,"column":24}}]},"6":{"loc":{"start":{"line":75,"column":2},"end":{"line":75,"column":11}},"type":"default-arg","locations":[{"start":{"line":75,"column":9},"end":{"line":75,"column":11}}]},"7":{"loc":{"start":{"line":76,"column":2},"end":{"line":76,"column":14}},"type":"default-arg","locations":[{"start":{"line":76,"column":12},"end":{"line":76,"column":14}}]},"8":{"loc":{"start":{"line":77,"column":2},"end":{"line":77,"column":11}},"type":"default-arg","locations":[{"start":{"line":77,"column":9},"end":{"line":77,"column":11}}]},"9":{"loc":{"start":{"line":78,"column":2},"end":{"line":78,"column":12}},"type":"default-arg","locations":[{"start":{"line":78,"column":10},"end":{"line":78,"column":12}}]},"10":{"loc":{"start":{"line":79,"column":2},"end":{"line":79,"column":14}},"type":"default-arg","locations":[{"start":{"line":79,"column":12},"end":{"line":79,"column":14}}]},"11":{"loc":{"start":{"line":80,"column":2},"end":{"line":80,"column":14}},"type":"default-arg","locations":[{"start":{"line":80,"column":12},"end":{"line":80,"column":14}}]},"12":{"loc":{"start":{"line":81,"column":2},"end":{"line":81,"column":17}},"type":"default-arg","locations":[{"start":{"line":81,"column":15},"end":{"line":81,"column":17}}]},"13":{"loc":{"start":{"line":82,"column":2},"end":{"line":82,"column":12}},"type":"default-arg","locations":[{"start":{"line":82,"column":10},"end":{"line":82,"column":12}}]},"14":{"loc":{"start":{"line":83,"column":2},"end":{"line":83,"column":12}},"type":"default-arg","locations":[{"start":{"line":83,"column":10},"end":{"line":83,"column":12}}]},"15":{"loc":{"start":{"line":84,"column":2},"end":{"line":84,"column":21}},"type":"default-arg","locations":[{"start":{"line":84,"column":19},"end":{"line":84,"column":21}}]},"16":{"loc":{"start":{"line":85,"column":2},"end":{"line":85,"column":14}},"type":"default-arg","locations":[{"start":{"line":85,"column":12},"end":{"line":85,"column":14}}]},"17":{"loc":{"start":{"line":86,"column":2},"end":{"line":86,"column":21}},"type":"default-arg","locations":[{"start":{"line":86,"column":16},"end":{"line":86,"column":21}}]},"18":{"loc":{"start":{"line":87,"column":2},"end":{"line":87,"column":16}},"type":"default-arg","locations":[{"start":{"line":87,"column":13},"end":{"line":87,"column":16}}]},"19":{"loc":{"start":{"line":88,"column":2},"end":{"line":88,"column":21}},"type":"default-arg","locations":[{"start":{"line":88,"column":17},"end":{"line":88,"column":21}}]},"20":{"loc":{"start":{"line":89,"column":2},"end":{"line":89,"column":13}},"type":"default-arg","locations":[{"start":{"line":89,"column":11},"end":{"line":89,"column":13}}]},"21":{"loc":{"start":{"line":90,"column":2},"end":{"line":90,"column":15}},"type":"default-arg","locations":[{"start":{"line":90,"column":14},"end":{"line":90,"column":15}}]},"22":{"loc":{"start":{"line":91,"column":2},"end":{"line":91,"column":22}},"type":"default-arg","locations":[{"start":{"line":91,"column":12},"end":{"line":91,"column":22}}]},"23":{"loc":{"start":{"line":92,"column":2},"end":{"line":92,"column":23}},"type":"default-arg","locations":[{"start":{"line":92,"column":13},"end":{"line":92,"column":23}}]},"24":{"loc":{"start":{"line":93,"column":2},"end":{"line":93,"column":20}},"type":"default-arg","locations":[{"start":{"line":93,"column":18},"end":{"line":93,"column":20}}]},"25":{"loc":{"start":{"line":94,"column":2},"end":{"line":94,"column":12}},"type":"default-arg","locations":[{"start":{"line":94,"column":11},"end":{"line":94,"column":12}}]},"26":{"loc":{"start":{"line":95,"column":2},"end":{"line":95,"column":13}},"type":"default-arg","locations":[{"start":{"line":95,"column":12},"end":{"line":95,"column":13}}]},"27":{"loc":{"start":{"line":96,"column":2},"end":{"line":96,"column":23}},"type":"default-arg","locations":[{"start":{"line":96,"column":21},"end":{"line":96,"column":23}}]},"28":{"loc":{"start":{"line":97,"column":2},"end":{"line":97,"column":18}},"type":"default-arg","locations":[{"start":{"line":97,"column":14},"end":{"line":97,"column":18}}]}},"s":{"0":0,"1":0,"2":0},"f":{"0":0},"b":{"0":[0],"1":[0],"2":[0],"3":[0],"4":[0],"5":[0],"6":[0],"7":[0],"8":[0],"9":[0],"10":[0],"11":[0],"12":[0],"13":[0],"14":[0],"15":[0],"16":[0],"17":[0],"18":[0],"19":[0],"20":[0],"21":[0],"22":[0],"23":[0],"24":[0],"25":[0],"26":[0],"27":[0],"28":[0]}}
,"D:\\Repos\\finonex-automation-core\\modules\\active-active\\src\\utils\\errorHandler.ts": {"path":"D:\\Repos\\finonex-automation-core\\modules\\active-active\\src\\utils\\errorHandler.ts","statementMap":{"0":{"start":{"line":3,"column":4},"end":{"line":8,"column":5}},"1":{"start":{"line":4,"column":6},"end":{"line":4,"column":36}},"2":{"start":{"line":6,"column":6},"end":{"line":6,"column":37}},"3":{"start":{"line":7,"column":6},"end":{"line":7,"column":18}},"4":{"start":{"line":2,"column":0},"end":{"line":2,"column":22}}},"fnMap":{"0":{"name":"catchAsync","decl":{"start":{"line":2,"column":22},"end":{"line":2,"column":32}},"loc":{"start":{"line":2,"column":68},"end":{"line":9,"column":null}}}},"branchMap":{},"s":{"0":0,"1":0,"2":0,"3":0,"4":0},"f":{"0":0},"b":{}}
}
